<?xml version="1.0" encoding="UTF-8"?>
<testsuite name="TestFlatMap" tests="2" skipped="0" failures="0" errors="0" timestamp="2023-03-29T07:07:53" hostname="MZS01-ALLENDEVui-MacBookPro.local" time="0.016">
  <properties/>
  <testcase name="testGetOrderedProductsSet" classname="TestFlatMap" time="0.015"/>
  <testcase name="testGetAllOrderedProducts" classname="TestFlatMap" time="0.001"/>
  <system-out><![CDATA[]]></system-out>
  <system-err><![CDATA[]]></system-err>
</testsuite>
