<?xml version="1.0" encoding="UTF-8"?>
<testsuite name="TestOperatorsOverloading" tests="3" skipped="0" failures="0" errors="0" timestamp="2023-03-29T05:37:57" hostname="MZS01-ALLENDEVui-MacBookPro.local" time="0.004">
  <properties/>
  <testcase name="testOneMonth" classname="TestOperatorsOverloading" time="0.003"/>
  <testcase name="testAddOneTimeInterval" classname="TestOperatorsOverloading" time="0.001"/>
  <testcase name="testMonthChange" classname="TestOperatorsOverloading" time="0.0"/>
  <system-out><![CDATA[]]></system-out>
  <system-err><![CDATA[]]></system-err>
</testsuite>
