<?xml version="1.0" encoding="UTF-8"?>
<testsuite name="TestLazyProperty" tests="2" skipped="0" failures="0" errors="0" timestamp="2023-03-30T00:42:45" hostname="MZS01-ALLENDEVui-MacBookPro.local" time="0.002">
  <properties/>
  <testcase name="testLazy" classname="TestLazyProperty" time="0.001"/>
  <testcase name="initializedOnce" classname="TestLazyProperty" time="0.001"/>
  <system-out><![CDATA[]]></system-out>
  <system-err><![CDATA[]]></system-err>
</testsuite>
