<?xml version="1.0" encoding="UTF-8"?>
<testsuite name="TestIntroduction" tests="1" skipped="0" failures="0" errors="0" timestamp="2023-03-29T05:55:53" hostname="MZS01-ALLENDEVui-MacBookPro.local" time="0.02">
  <properties/>
  <testcase name="testSetOfCustomers" classname="TestIntroduction" time="0.02"/>
  <system-out><![CDATA[]]></system-out>
  <system-err><![CDATA[]]></system-err>
</testsuite>
