<?xml version="1.0" encoding="UTF-8"?>
<testsuite name="TestAssociate" tests="3" skipped="0" failures="0" errors="0" timestamp="2023-03-29T06:24:02" hostname="MZS01-ALLENDEVui-MacBookPro.local" time="0.018">
  <properties/>
  <testcase name="testAssociate" classname="TestAssociate" time="0.017"/>
  <testcase name="testAssociateBy" classname="TestAssociate" time="0.0"/>
  <testcase name="testAssociateWith" classname="TestAssociate" time="0.001"/>
  <system-out><![CDATA[]]></system-out>
  <system-err><![CDATA[]]></system-err>
</testsuite>
