<?xml version="1.0" encoding="UTF-8"?>
<testsuite name="TestTheFunctionWith" tests="2" skipped="0" failures="0" errors="0" timestamp="2023-03-30T01:21:22" hostname="MZS01-ALLENDEVui-MacBookPro.local" time="0.003">
  <properties/>
  <testcase name="testCreateString" classname="TestTheFunctionWith" time="0.002"/>
  <testcase name="testCreateMap" classname="TestTheFunctionWith" time="0.001"/>
  <system-out><![CDATA[]]></system-out>
  <system-err><![CDATA[]]></system-err>
</testsuite>
