<?xml version="1.0" encoding="UTF-8"?>
<testsuite name="TestSmartCasts" tests="3" skipped="0" failures="0" errors="0" timestamp="2023-03-29T04:14:09" hostname="MZS01-ALLENDEVui-MacBookPro.local" time="0.002">
  <properties/>
  <testcase name="testNum" classname="TestSmartCasts" time="0.001"/>
  <testcase name="testSum" classname="TestSmartCasts" time="0.0"/>
  <testcase name="testRecursion" classname="TestSmartCasts" time="0.0"/>
  <system-out><![CDATA[]]></system-out>
  <system-err><![CDATA[]]></system-err>
</testsuite>
