<?xml version="1.0" encoding="UTF-8"?>
<testsuite name="TestStringTemplates" tests="3" skipped="0" failures="0" errors="0" timestamp="2023-03-29T04:04:32" hostname="MZS01-ALLENDEVui-MacBookPro.local" time="0.003">
  <properties/>
  <testcase name="match1" classname="TestStringTemplates" time="0.002"/>
  <testcase name="match" classname="TestStringTemplates" time="0.0"/>
  <testcase name="doNotMatch" classname="TestStringTemplates" time="0.001"/>
  <system-out><![CDATA[]]></system-out>
  <system-err><![CDATA[]]></system-err>
</testsuite>
