<?xml version="1.0" encoding="UTF-8"?>
<testsuite name="TestGenericFunctions" tests="2" skipped="0" failures="0" errors="0" timestamp="2023-03-30T04:25:29" hostname="MZS01-ALLENDEVui-MacBookPro.local" time="0.017">
  <properties/>
  <testcase name="testPartitionLettersAndOtherSymbols" classname="TestGenericFunctions" time="0.011"/>
  <testcase name="testPartitionWordsAndLines" classname="TestGenericFunctions" time="0.006"/>
  <system-out><![CDATA[]]></system-out>
  <system-err><![CDATA[]]></system-err>
</testsuite>
