<?xml version="1.0" encoding="UTF-8"?>
<testsuite name="Test" tests="1" skipped="0" failures="0" errors="0" timestamp="2023-03-29T04:24:04" hostname="MZS01-ALLENDEVui-MacBookPro.local" time="0.014">
  <properties/>
  <testcase name="testRandom" classname="Test" time="0.014"/>
  <system-out><![CDATA[]]></system-out>
  <system-err><![CDATA[]]></system-err>
</testsuite>
