<?xml version="1.0" encoding="UTF-8"?>
<testsuite name="TestInvoke" tests="2" skipped="0" failures="0" errors="0" timestamp="2023-03-29T05:49:49" hostname="MZS01-ALLENDEVui-MacBookPro.local" time="0.007">
  <properties/>
  <testcase name="testInvokeTwice" classname="TestInvoke" time="0.004"/>
  <testcase name="testNumberOfInvocations" classname="TestInvoke" time="0.003"/>
  <system-out><![CDATA[]]></system-out>
  <system-err><![CDATA[]]></system-err>
</testsuite>
