<?xml version="1.0" encoding="UTF-8"?>
<testsuite name="HtmlDslTest" tests="3" skipped="0" failures="0" errors="0" timestamp="2023-03-30T04:12:20" hostname="MZS01-ALLENDEVui-MacBookPro.local" time="0.011">
  <properties/>
  <testcase name="testSample" classname="HtmlDslTest" time="0.009"/>
  <testcase name="testTable1" classname="HtmlDslTest" time="0.001"/>
  <testcase name="testTable2" classname="HtmlDslTest" time="0.001"/>
  <system-out><![CDATA[]]></system-out>
  <system-err><![CDATA[]]></system-err>
</testsuite>
