<?xml version="1.0" encoding="UTF-8"?>
<testsuite name="TestDelegatesHowItWorks" tests="1" skipped="0" failures="0" errors="0" timestamp="2023-03-30T00:57:01" hostname="MZS01-ALLENDEVui-MacBookPro.local" time="0.018">
  <properties/>
  <testcase name="testDate" classname="TestDelegatesHowItWorks" time="0.018"/>
  <system-out><![CDATA[]]></system-out>
  <system-err><![CDATA[]]></system-err>
</testsuite>
