<?xml version="1.0" encoding="UTF-8"?>
<testsuite name="TestLambdas" tests="2" skipped="0" failures="0" errors="0" timestamp="2023-03-29T04:08:35" hostname="MZS01-ALLENDEVui-MacBookPro.local" time="0.009">
  <properties/>
  <testcase name="contains" classname="TestLambdas" time="0.008"/>
  <testcase name="notContains" classname="TestLambdas" time="0.0"/>
  <system-out><![CDATA[]]></system-out>
  <system-err><![CDATA[]]></system-err>
</testsuite>
