<?xml version="1.0" encoding="UTF-8"?>
<testsuite name="TestGroupBy" tests="1" skipped="0" failures="0" errors="0" timestamp="2023-03-29T06:27:10" hostname="MZS01-ALLENDEVui-MacBookPro.local" time="0.015">
  <properties/>
  <testcase name="testGroupCustomersByCity" classname="TestGroupBy" time="0.015"/>
  <system-out><![CDATA[]]></system-out>
  <system-err><![CDATA[]]></system-err>
</testsuite>
